Recibe Alive
Recibe Alive
Recibe Alive
Recibe Alive
Recibe Alive
Initializing YATAREST
Init hecho{"timestamp":"2022-03-18 17:14:56.829319","level":"INFO","name":"Application","pid":11376,"msg":"","context":{"http_port":4005,"endpoints":{"POST":["/begin","/end"],"HEAD":["/alive","/best","/hist","/latest","/update"],"GET":["/alive","/best","/hist","/latest","/update"]}}}
-- running Rserve in this R session (pid=11376), 2 server(s) --
(This session will block until Rserve is shut down)
Recibe Alive
Recibe Alive
Recibe Alive
Recibe Alive
Recibe Alive
Recibe Alive
Recibe Alive
Recibe Alive
Recibe Alive
Recibe Alive
Recibe Alive
Recibe Alive
Recibe Alive
Recibe Alive
Recibe Alive
Recibe Alive
Recibe Alive
Recibe Alive
Recibe Alive
Recibe Alive
Recibe Alive
Recibe Alive
Recibe Alive
Recibe Alive
Recibe Alive
Recibe Alive
Recibe Alive
Recibe Alive
Recibe Alive
Recibe Alive
Recibe Alive
Recibe Alive
Recibe Alive
Recibe Alive
Recibe Alive
Recibe Alive
Recibe Alive
Recibe Alive
Recibe Alive
Recibe Alive
Recibe Alive
Recibe Alive
Recibe Alive
Recibe Alive
Recibe Alive
Recibe Alive
Recibe Alive
Recibe Alive
Recibe Alive
Recibe Alive
Recibe Alive
Recibe Alive
Recibe Alive
Recibe Alive
Recibe Alive
Recibe Alive
Recibe Alive
Recibe Alive
Recibe Alive
Recibe Alive
Recibe Alive
Recibe Alive
Recibe Alive
Recibe Alive
Recibe Alive
Recibe Alive
Recibe Alive
Recibe Alive
Recibe Alive
Recibe Alive
Recibe Alive
Recibe Alive
Recibe Alive
Recibe Alive
Recibe Alive
Recibe Alive
Recibe Alive
Recibe Alive
Recibe Alive
Recibe Alive
Recibe Alive
Recibe Alive
Recibe Alive
Recibe Alive
Recibe Alive
Recibe Alive
Recibe Alive
Recibe Alive
Recibe Alive
Recibe Alive
Recibe Alive
Recibe Alive
Recibe Alive
Recibe Alive
Recibe Alive
Recibe Alive
Recibe Alive
Recibe Alive
Recibe Alive
Recibe Alive
Recibe Alive
Recibe Alive
Recibe Alive
Recibe Alive
