2022-03-14 18:55:50  - Before files
2022-03-14 18:55:50  - Before WEB
2022-03-14 18:55:50  - Before future
2022-03-14 18:55:54  - PUT UPDATE
2022-03-14 18:55:54 PUT http://127.0.0.1:4005/update2022-03-14 19:01:10  - PUT UPDATE
2022-03-14 19:01:10 PUT http://127.0.0.1:4005/update2022-03-14 19:06:39  - PUT UPDATE
2022-03-14 19:06:39 PUT http://127.0.0.1:4005/update2022-03-14 19:12:08  - PUT UPDATE
2022-03-14 19:12:08 PUT http://127.0.0.1:4005/update2022-03-14 19:17:36  - PUT UPDATE
2022-03-14 19:17:36 PUT http://127.0.0.1:4005/update2022-03-14 19:23:05  - PUT UPDATE
2022-03-14 19:23:05 PUT http://127.0.0.1:4005/update2022-03-14 19:28:10  - PUT UPDATE
2022-03-14 19:28:10 PUT http://127.0.0.1:4005/update2022-03-14 19:33:38  - PUT UPDATE
2022-03-14 19:33:38 PUT http://127.0.0.1:4005/update2022-03-14 19:39:06  - PUT UPDATE
2022-03-14 19:39:06 PUT http://127.0.0.1:4005/update2022-03-14 19:44:34  - PUT UPDATE
2022-03-14 19:44:34 PUT http://127.0.0.1:4005/update2022-03-14 19:50:02  - PUT UPDATE
2022-03-14 19:50:02 PUT http://127.0.0.1:4005/update2022-03-14 19:55:09  - PUT UPDATE
2022-03-14 19:55:09 PUT http://127.0.0.1:4005/update2022-03-14 20:00:37  - PUT UPDATE
2022-03-14 20:00:37 PUT http://127.0.0.1:4005/update2022-03-14 20:06:07  - PUT UPDATE
2022-03-14 20:06:07 PUT http://127.0.0.1:4005/update2022-03-14 20:11:36  - PUT UPDATE
2022-03-14 20:11:36 PUT http://127.0.0.1:4005/update2022-03-14 20:17:05  - PUT UPDATE
2022-03-14 20:17:05 PUT http://127.0.0.1:4005/update2022-03-14 20:22:35  - PUT UPDATE
2022-03-14 20:22:35 PUT http://127.0.0.1:4005/update2022-03-14 20:28:04  - PUT UPDATE
2022-03-14 20:28:04 PUT http://127.0.0.1:4005/update2022-03-14 20:30:27  - Before files
2022-03-14 20:30:27  - Before WEB
2022-03-14 20:30:27  - Before future
2022-03-14 20:33:22  - Before files
2022-03-14 20:33:22  - Before WEB
2022-03-14 20:33:22  - Before future
2022-03-14 20:34:39  - Before files
2022-03-14 20:34:39  - Before WEB
2022-03-14 20:34:39  - Before future
2022-03-14 20:35:13  - Before files
2022-03-14 20:35:13  - Before WEB
2022-03-14 20:35:13  - Before future
2022-03-14 20:36:07  - Before files
2022-03-14 20:36:07  - Before WEB
2022-03-14 20:36:07  - Before future
2022-03-14 20:38:18  - Before files
2022-03-14 20:38:18  - Before WEB
2022-03-14 20:38:18  - Before future
2022-03-14 20:40:31  - Before files
2022-03-14 20:40:31  - Before WEB
2022-03-14 20:40:31  - Before future
2022-03-14 20:45:15  - Before files
2022-03-14 20:45:15  - Before WEB
2022-03-14 20:45:28  - Before future
2022-03-14 20:51:22  - Before files
2022-03-14 20:51:22  - Before WEB
2022-03-14 20:51:22  - Before future
2022-03-14 20:57:27  - Before files
2022-03-14 20:57:27  - Before WEB
2022-03-14 20:57:28  - Before future
2022-03-14 20:59:22  - Before files
2022-03-14 20:59:22  - Before WEB
2022-03-14 20:59:22  - Before future
2022-03-14 21:44:14  - Before files
2022-03-14 21:44:14  - Before WEB
2022-03-14 21:44:14  - Before future
2022-03-14 21:46:17  - Before files
2022-03-14 21:46:17  - Before WEB
2022-03-14 21:46:17  - Before future
2022-03-14 21:54:13  - Before files
2022-03-14 21:54:13  - Before WEB
2022-03-14 21:54:13  - Before future
2022-03-14 22:03:34  - Before files
2022-03-14 22:03:34  - Before WEB
2022-03-14 22:03:34  - Before future
2022-03-14 22:19:53  - Before files
2022-03-14 22:19:53  - Before WEB
2022-03-14 22:19:53  - Before future
2022-03-14 22:22:12  - Before files
2022-03-14 22:22:12  - Before WEB
2022-03-14 22:22:13  - Before future
2022-03-14 22:27:36  - Before files
2022-03-14 22:27:36  - Before WEB
2022-03-14 22:27:36  - Before future
2022-03-14 22:34:41  - Before files
2022-03-14 22:34:41  - Before WEB
2022-03-14 22:34:41  - Before future
2022-03-14 22:45:00  - Before files
2022-03-14 22:45:00  - Before WEB
2022-03-14 22:45:00  - Before future
2022-03-14 22:54:16  - Before files
2022-03-14 22:54:16  - Before WEB
2022-03-14 22:54:16  - Before future
2022-03-14 22:55:28  - Before files
2022-03-14 22:55:28  - Before WEB
2022-03-14 22:55:28  - Before future
2022-03-14 23:03:46  - Before files
2022-03-14 23:03:46  - Before WEB
2022-03-14 23:03:46  - Before future
2022-03-14 23:06:20  - Before files
2022-03-14 23:06:20  - Before WEB
2022-03-14 23:06:20  - Before future
2022-03-14 23:08:19  - Before files
2022-03-14 23:08:19  - Before WEB
2022-03-14 23:08:19  - Before future
2022-03-14 23:10:45  - Before files
2022-03-14 23:10:45  - Before WEB
2022-03-14 23:10:45  - Before future
2022-03-14 23:12:13  - Before files
2022-03-14 23:12:13  - Before WEB
2022-03-14 23:12:13  - Before future
2022-03-14 23:17:38  - Before files
2022-03-14 23:17:38  - Before WEB
2022-03-14 23:17:38  - Before future
2022-03-15 16:30:37  - Before files
2022-03-15 16:30:37  - Before WEB
2022-03-15 16:30:37  - Before future
2022-03-15 16:34:06  - Before files
2022-03-15 16:34:06  - Before WEB
2022-03-15 16:34:06  - Before future
2022-03-15 16:35:14  - Before files
2022-03-15 16:35:14  - Before WEB
2022-03-15 16:35:15  - Before future
2022-03-15 16:37:17  - Before files
2022-03-15 16:37:17  - Before WEB
2022-03-15 16:37:17  - Before future
2022-03-15 16:57:02  - Before files
2022-03-15 16:57:02  - Before WEB
2022-03-15 16:57:02  - Before future
2022-03-15 16:57:55  - Before files
2022-03-15 16:57:55  - Before WEB
2022-03-15 16:57:55  - Before future
2022-03-15 16:59:25  - Before files
2022-03-15 16:59:25  - Before WEB
2022-03-15 16:59:25  - Before future
2022-03-15 17:01:05  - Before files
2022-03-15 17:01:05  - Before WEB
2022-03-15 17:01:05  - Before future
2022-03-15 17:01:27  - Before files
2022-03-15 17:01:27  - Before WEB
2022-03-15 17:01:27  - Before future
2022-03-15 17:01:32  - Before files
2022-03-15 17:01:32  - Before WEB
2022-03-15 17:01:32  - Before future
2022-03-15 17:02:48  - Before files
2022-03-15 17:02:48  - Before WEB
2022-03-15 17:02:48  - Before future
2022-03-15 17:03:05  - Before files
2022-03-15 17:03:05  - Before WEB
2022-03-15 17:03:05  - Before future
2022-03-15 17:03:10  - Before files
2022-03-15 17:03:10  - Before WEB
2022-03-15 17:03:10  - Before future
2022-03-15 17:03:51  - Before files
2022-03-15 17:03:52  - Before WEB
2022-03-15 17:03:52  - Before future
2022-03-15 17:03:56  - Before files
2022-03-15 17:03:56  - Before WEB
2022-03-15 17:03:56  - Before future
2022-03-15 17:05:07  - Before files
2022-03-15 17:05:07  - Before WEB
2022-03-15 17:05:07  - Before future
2022-03-15 17:06:19  - Before files
2022-03-15 17:06:19  - Before WEB
2022-03-15 17:06:19  - Before future
2022-03-15 17:08:19  - Before files
2022-03-15 17:08:19  - Before WEB
2022-03-15 17:08:19  - Before future
2022-03-15 17:09:47  - Before files
2022-03-15 17:09:47  - Before WEB
2022-03-15 17:09:47  - Before future
2022-03-15 17:09:51  - Before files
2022-03-15 17:09:51  - Before WEB
2022-03-15 17:09:51  - Before future
2022-03-15 17:11:54  - Before files
2022-03-15 17:11:54  - Before WEB
2022-03-15 17:11:54  - Before future
2022-03-15 17:13:57  - Before files
2022-03-15 17:13:57  - Before WEB
2022-03-15 17:13:57  - Before future
2022-03-15 22:54:47  - Before files
2022-03-15 22:54:47  - Before WEB
2022-03-15 22:54:47  - Before future
2022-03-15 22:55:03  - Before files
2022-03-15 22:55:03  - Before WEB
2022-03-15 22:55:03  - Before future
2022-03-15 22:55:41  - Before files
2022-03-15 22:55:41  - Before WEB
2022-03-15 22:55:41  - Before future
2022-03-15 22:55:46  - Before files
2022-03-15 22:55:46  - Before WEB
2022-03-15 22:55:46  - Before future
2022-03-15 22:58:41  - Before files
2022-03-15 22:58:41  - Before WEB
2022-03-15 22:58:41  - Before future
2022-03-16 13:45:00  - Before files
2022-03-16 13:45:00  - Before WEB
2022-03-16 13:45:00  - Before future
2022-03-16 13:45:05  - Before files
2022-03-16 13:45:05  - Before WEB
2022-03-16 13:45:05  - Before future
2022-03-16 13:52:09  - Before files
2022-03-16 13:52:09  - Before WEB
2022-03-16 13:52:09  - Before future
2022-03-16 13:53:32  - Before files
2022-03-16 13:53:32  - Before WEB
2022-03-16 13:53:32  - Before future
2022-03-16 14:00:05  - Before files
2022-03-16 14:00:05  - Before WEB
2022-03-16 14:00:05  - Before future
2022-03-16 14:00:26  - Before files
2022-03-16 14:00:26  - Before WEB
2022-03-16 14:00:26  - Before future
2022-03-16 14:00:32  - Before files
2022-03-16 14:00:32  - Before WEB
2022-03-16 14:00:32  - Before future
2022-03-16 14:02:33  - Before files
2022-03-16 14:02:33  - Before WEB
2022-03-16 14:02:33  - Before future
2022-03-16 14:02:37  - Before files
2022-03-16 14:02:37  - Before WEB
2022-03-16 14:02:37  - Before future
2022-03-16 14:04:04  - Before files
2022-03-16 14:04:04  - Before WEB
2022-03-16 14:04:04  - Before future
2022-03-16 14:04:08  - Before files
2022-03-16 14:04:08  - Before WEB
2022-03-16 14:04:08  - Before future
2022-03-16 14:04:32  - Before files
2022-03-16 14:04:32  - Before WEB
2022-03-16 14:04:32  - Before future
2022-03-16 14:04:37  - Before files
2022-03-16 14:04:37  - Before WEB
2022-03-16 14:04:37  - Before future
2022-03-16 14:06:01  - Before files
2022-03-16 14:06:01  - Before WEB
2022-03-16 14:06:01  - Before future
2022-03-16 14:06:05  - Before files
2022-03-16 14:06:05  - Before WEB
2022-03-16 14:06:05  - Before future
2022-03-16 14:08:31  - Before files
2022-03-16 14:08:31  - Before WEB
2022-03-16 14:08:31  - Before future
2022-03-16 14:12:50  - Before files
2022-03-16 14:12:50  - Before WEB
2022-03-16 14:12:50  - Before future
2022-03-16 14:14:12  - Before files
2022-03-16 14:14:12  - Before WEB
2022-03-16 14:14:12  - Before future
2022-03-16 14:17:01  - Before files
2022-03-16 14:17:01  - Before WEB
2022-03-16 14:17:01  - Before future
2022-03-16 14:19:53  - Before files
2022-03-16 14:19:53  - Before WEB
2022-03-16 14:19:53  - Before future
2022-03-16 14:22:08  - Before files
2022-03-16 14:22:08  - Before WEB
2022-03-16 14:22:08  - Before future
2022-03-16 14:23:02  - Before files
2022-03-16 14:23:02  - Before WEB
2022-03-16 14:23:02  - Before future
2022-03-16 14:24:05  - Before files
2022-03-16 14:24:05  - Before WEB
2022-03-16 14:24:05  - Before future
2022-03-16 14:24:09  - Before files
2022-03-16 14:24:09  - Before WEB
2022-03-16 14:24:09  - Before future
2022-03-16 14:25:42  - Before files
2022-03-16 14:25:42  - Before WEB
2022-03-16 14:25:42  - Before future
2022-03-16 14:34:48  - Before files
2022-03-16 14:34:48  - Before WEB
2022-03-16 14:35:26  - Before future
2022-03-16 14:39:30  - Before files
2022-03-16 14:39:30  - Before WEB
2022-03-16 14:40:00  - Before future
2022-03-16 14:41:31  - Before files
2022-03-16 14:41:31  - Before WEB
2022-03-16 14:41:31  - Before future
2022-03-16 14:43:15  - Before files
2022-03-16 14:43:15  - Before WEB
2022-03-16 14:43:15  - Before future
2022-03-16 14:44:02  - Before files
2022-03-16 14:44:02  - Before WEB
2022-03-16 14:44:02  - Before future
2022-03-16 14:45:28  - Before files
2022-03-16 14:45:28  - Before WEB
2022-03-16 14:45:29  - Before future
2022-03-16 14:49:07  - Before files
2022-03-16 14:49:08  - Before WEB
2022-03-16 14:49:08  - Before future
2022-03-16 14:53:32  - Before files
2022-03-16 14:53:32  - Before WEB
2022-03-16 14:53:54  - Before future
2022-03-16 14:59:44  - Before files
2022-03-16 14:59:44  - Before WEB
2022-03-16 15:07:23  - Before files
2022-03-16 15:07:23  - Before WEB
2022-03-16 15:07:33  - Before future
2022-03-16 15:15:30  - Before files
2022-03-16 15:15:30  - Before WEB
2022-03-16 15:27:47  - Before files
2022-03-16 15:27:47  - Before WEB
2022-03-16 15:28:07  - Before future
2022-03-16 15:28:22  - Before files
2022-03-16 15:28:22  - Before WEB
2022-03-16 15:29:42  - Before files
2022-03-16 15:29:43  - Before WEB
2022-03-16 15:30:23  - Before future
2022-03-16 15:31:51  - Before files
2022-03-16 15:31:51  - Before WEB
2022-03-16 15:32:06  - Before future
2022-03-16 15:34:45  - Before files
2022-03-16 15:34:45  - Before WEB
2022-03-16 15:34:48  - Before future
2022-03-16 15:37:10  - Before files
2022-03-16 15:37:10  - Before WEB
2022-03-16 15:37:15  - Before future
2022-03-16 15:41:53  - Before files
2022-03-16 15:41:53  - Before WEB
2022-03-16 15:41:55  - Before future
2022-03-16 15:44:47  - Before files
2022-03-16 15:44:47  - Before WEB
2022-03-16 15:44:49  - Before future
2022-03-16 15:45:28  - Before files
2022-03-16 15:45:28  - Before WEB
2022-03-16 15:48:05  - Before files
2022-03-16 15:48:05  - Before WEB
2022-03-16 15:48:06  - Before future
2022-03-16 16:00:32  - Before files
2022-03-16 16:00:33  - Before WEB
2022-03-16 16:00:33  - Before future
2022-03-16 16:02:27  - Before files
2022-03-16 16:02:27  - Before WEB
2022-03-16 16:02:27  - Before future
2022-03-16 16:03:55  - Before files
2022-03-16 16:03:55  - Before WEB
2022-03-16 16:03:55  - Before future
2022-03-16 16:13:56  - Before files
2022-03-16 16:13:56  - Before WEB
2022-03-16 16:13:56  - Before future
2022-03-16 16:16:29  - Before files
2022-03-16 16:16:29  - Before WEB
2022-03-16 16:16:29  - Before future
2022-03-16 16:17:13  - Before files
2022-03-16 16:17:13  - Before WEB
2022-03-16 16:17:13  - Before future
2022-03-16 16:24:26  - Before files
2022-03-16 16:24:26  - Before WEB
2022-03-16 16:24:26  - Before future
2022-03-16 16:32:35  - Before files
2022-03-16 16:32:35  - Before WEB
2022-03-16 16:32:36  - Before future
2022-03-16 16:33:37  - Before files
2022-03-16 16:33:37  - Before WEB
2022-03-16 16:33:37  - Before future
2022-03-16 16:35:20  - Before files
2022-03-16 16:35:20  - Before WEB
2022-03-16 16:35:20  - Before future
2022-03-16 16:36:55  - Before files
2022-03-16 16:36:55  - Before WEB
2022-03-16 16:36:55  - Before future
2022-03-16 16:37:23  - Before files
2022-03-16 16:37:23  - Before WEB
2022-03-16 16:37:23  - Before future
2022-03-16 16:37:54  - Before files
2022-03-16 16:37:54  - Before WEB
2022-03-16 16:37:54  - Before future
2022-03-16 16:39:57  - Before files
2022-03-16 16:39:57  - Before WEB
2022-03-16 16:39:57  - Before future
2022-03-16 16:41:59  - Before files
2022-03-16 16:41:59  - Before WEB
2022-03-16 16:41:59  - Before future
2022-03-16 16:42:22  - Before files
2022-03-16 16:42:23  - Before WEB
2022-03-16 16:42:23  - Before future
2022-03-16 16:44:01  - Before files
2022-03-16 16:44:01  - Before WEB
2022-03-16 16:44:01  - Before future
2022-03-16 16:45:25  - Before files
2022-03-16 16:45:25  - Before WEB
2022-03-16 16:45:25  - Before future
2022-03-16 16:46:32  - Before files
2022-03-16 16:46:32  - Before WEB
2022-03-16 16:46:32  - Before future
2022-03-16 16:47:24  - Before files
2022-03-16 16:47:24  - Before WEB
2022-03-16 16:47:24  - Before future
2022-03-16 16:50:09  - Before files
2022-03-16 16:50:09  - Before WEB
2022-03-16 16:50:09  - Before future
2022-03-16 16:52:15  - Before files
2022-03-16 16:52:15  - Before WEB
2022-03-16 16:52:16  - Before future
2022-03-16 16:53:08  - Before files
2022-03-16 16:53:08  - Before WEB
2022-03-16 16:53:09  - Before future
2022-03-16 16:54:21  - Before files
2022-03-16 16:54:21  - Before WEB
2022-03-16 16:54:21  - Before future
2022-03-16 16:56:01  - Before files
2022-03-16 16:56:01  - Before WEB
2022-03-16 16:56:01  - Before future
2022-03-16 16:56:50  - Before files
2022-03-16 16:56:50  - Before WEB
2022-03-16 16:56:50  - Before future
2022-03-16 16:56:54  - Before files
2022-03-16 16:56:54  - Before WEB
2022-03-16 16:56:54  - Before future
2022-03-16 16:57:38  - Before files
2022-03-16 16:57:38  - Before WEB
2022-03-16 16:57:38  - Before future
2022-03-16 16:59:39  - Before files
2022-03-16 16:59:39  - Before WEB
2022-03-16 16:59:39  - Before future
2022-03-16 17:00:57  - Before files
2022-03-16 17:00:57  - Before WEB
2022-03-16 17:00:57  - Before future
2022-03-16 17:02:48  - Before files
2022-03-16 17:02:48  - Before WEB
2022-03-16 17:02:48  - Before future
2022-03-16 17:04:29  - Before files
2022-03-16 17:04:29  - Before WEB
2022-03-16 17:04:29  - Before future
2022-03-16 17:05:01  - Before files
2022-03-16 17:05:01  - Before WEB
2022-03-16 17:05:01  - Before future
2022-03-16 17:05:41  - Before files
2022-03-16 17:05:41  - Before WEB
2022-03-16 17:05:41  - Before future
2022-03-16 17:06:11  - Before files
2022-03-16 17:06:11  - Before WEB
2022-03-16 17:06:11  - Before future
2022-03-16 17:06:36  - Before files
2022-03-16 17:06:36  - Before WEB
2022-03-16 17:06:37  - Before future
2022-03-16 17:07:03  - Before files
2022-03-16 17:07:03  - Before WEB
2022-03-16 17:07:03  - Before future
2022-03-16 17:07:30  - Before files
2022-03-16 17:07:30  - Before WEB
2022-03-16 17:07:31  - Before future
2022-03-16 17:07:58  - Before files
2022-03-16 17:07:58  - Before WEB
2022-03-16 17:07:59  - Before future
2022-03-16 17:11:04  - Before files
2022-03-16 17:11:04  - Before WEB
2022-03-16 17:11:04  - Before future
2022-03-16 17:11:20  - Before files
2022-03-16 17:11:20  - Before WEB
2022-03-16 17:11:20  - Before future
2022-03-16 17:13:05  - Before files
2022-03-16 17:13:05  - Before WEB
2022-03-16 17:13:05  - Before future
2022-03-16 17:13:47  - Before files
2022-03-16 17:13:47  - Before WEB
2022-03-16 17:13:47  - Before future
2022-03-16 17:14:36  - Before files
2022-03-16 17:14:36  - Before WEB
2022-03-16 17:14:37  - Before future
2022-03-16 17:15:57  - Before files
2022-03-16 17:15:57  - Before WEB
2022-03-16 17:15:58  - Before future
2022-03-16 17:16:39  - Before files
2022-03-16 17:16:39  - Before WEB
2022-03-16 17:16:40  - Before future
2022-03-16 17:18:25  - Before files
2022-03-16 17:18:25  - Before WEB
2022-03-16 17:18:25  - Before future
2022-03-16 17:20:12  - Before files
2022-03-16 17:20:12  - Before WEB
2022-03-16 17:20:12  - Before future
2022-03-16 17:20:52  - Before files
2022-03-16 17:20:52  - Before WEB
2022-03-16 17:20:52  - Before future
2022-03-16 17:21:17  - Before files
2022-03-16 17:21:17  - Before WEB
2022-03-16 17:21:18  - Before future
2022-03-16 17:33:40  - Before files
2022-03-16 17:33:40  - Before WEB
2022-03-16 17:33:40  - Before future
2022-03-16 17:39:53  - Before files
2022-03-16 17:39:53  - Before WEB
2022-03-16 17:39:54  - Before future
2022-03-16 17:46:07  - Before files
2022-03-16 17:46:07  - Before WEB
2022-03-16 17:46:07  - Before future
2022-03-16 17:50:35  - Before files
2022-03-16 17:50:35  - Before WEB
2022-03-16 17:50:35  - Before future
2022-03-16 18:04:23  - Before files
2022-03-16 18:04:23  - Before WEB
2022-03-16 18:04:23  - Before future
2022-03-16 18:05:06  - Before files
2022-03-16 18:05:06  - Before WEB
2022-03-16 18:05:06  - Before future
2022-03-16 18:07:02  - Before files
2022-03-16 18:07:02  - Before WEB
2022-03-16 18:07:02  - Before future
2022-03-16 18:08:05  - Before files
2022-03-16 18:08:05  - Before WEB
2022-03-16 18:08:05  - Before future
2022-03-16 18:10:34  - Before files
2022-03-16 18:10:34  - Before WEB
2022-03-16 18:10:34  - Before future
2022-03-16 21:57:47  - Before files
2022-03-16 21:57:47  - Before WEB
2022-03-16 21:57:47  - Before future
2022-03-16 22:13:12  - Before files
2022-03-16 22:13:12  - Before WEB
2022-03-16 22:13:12  - Before future
2022-03-16 22:22:44  - Before files
2022-03-16 22:22:44  - Before WEB
2022-03-16 22:22:45  - Before future
2022-03-16 22:23:09  - Before files
2022-03-16 22:23:10  - Before WEB
2022-03-16 22:23:10  - Before future
2022-03-16 22:32:01  - Before files
2022-03-16 22:32:01  - Before WEB
2022-03-16 22:32:01  - Before future
2022-03-16 22:55:16  - Before files
2022-03-16 22:55:16  - Before WEB
2022-03-16 22:55:16  - Before future
2022-03-16 22:59:10  - Before files
2022-03-16 22:59:10  - Before WEB
2022-03-16 22:59:10  - Before future
2022-03-16 23:06:32  - Before files
2022-03-16 23:06:32  - Before WEB
2022-03-16 23:06:32  - Before future
2022-03-16 23:08:45  - Before files
2022-03-16 23:08:45  - Before WEB
2022-03-16 23:08:45  - Before future
2022-03-16 23:23:44  - Before files
2022-03-16 23:23:44  - Before WEB
2022-03-16 23:23:44  - Before future
2022-03-16 23:24:24  - Before files
2022-03-16 23:24:24  - Before WEB
2022-03-16 23:24:24  - Before future
2022-03-16 23:25:18  - Before files
2022-03-16 23:25:18  - Before WEB
2022-03-16 23:25:18  - Before future
2022-03-16 23:25:53  - Before files
2022-03-16 23:25:53  - Before WEB
2022-03-16 23:25:53  - Before future
2022-03-16 23:26:51  - Before files
2022-03-16 23:26:51  - Before WEB
2022-03-16 23:26:51  - Before future
2022-03-16 23:43:01  - Before files
2022-03-16 23:43:01  - Before WEB
2022-03-16 23:43:01  - Before future
2022-03-17 10:06:02  - Before files
2022-03-17 10:06:02  - Before WEB
2022-03-17 10:06:02  - Before future
2022-03-17 10:12:19  - Before files
2022-03-17 10:12:20  - Before WEB
2022-03-17 10:12:20  - Before future
2022-03-17 10:13:14  - Before files
2022-03-17 10:13:14  - Before WEB
2022-03-17 10:13:14  - Before future
2022-03-17 10:15:43  - Before files
2022-03-17 10:15:43  - Before WEB
2022-03-17 10:15:44  - Before future
2022-03-17 10:16:56  - Before files
2022-03-17 10:16:56  - Before WEB
2022-03-17 10:16:57  - Before future
2022-03-17 10:17:34  - Before files
2022-03-17 10:17:34  - Before WEB
2022-03-17 10:17:34  - Before future
2022-03-17 10:35:40  - Before files
2022-03-17 10:35:40  - Before WEB
2022-03-17 10:35:40  - Before future
2022-03-17 10:43:11  - Before files
2022-03-17 10:43:11  - Before WEB
2022-03-17 10:43:11  - Before future
2022-03-17 10:45:54  - Before files
2022-03-17 10:45:54  - Before WEB
2022-03-17 10:45:54  - Before future
2022-03-17 10:47:27  - Before files
2022-03-17 10:47:27  - Before WEB
2022-03-17 10:47:28  - Before future
2022-03-17 10:49:06  - Before files
2022-03-17 10:49:06  - Before WEB
2022-03-17 10:49:06  - Before future
2022-03-17 10:50:11  - Before files
2022-03-17 10:50:11  - Before WEB
2022-03-17 10:50:11  - Before future
2022-03-17 10:54:46  - Before files
2022-03-17 10:54:46  - Before WEB
2022-03-17 10:54:46  - Before future
2022-03-17 10:59:36  - Before files
2022-03-17 10:59:36  - Before WEB
2022-03-17 10:59:36  - Before future
2022-03-17 11:03:46  - Before files
2022-03-17 11:03:46  - Before WEB
2022-03-17 11:03:46  - Before future
2022-03-17 11:07:03  - Before files
2022-03-17 11:07:03  - Before WEB
2022-03-17 11:07:03  - Before future
2022-03-17 11:07:24  - Before files
2022-03-17 11:07:24  - Before WEB
2022-03-17 11:07:24  - Before future
2022-03-17 11:12:51  - Before files
2022-03-17 11:12:51  - Before WEB
2022-03-17 11:12:51  - Before future
2022-03-17 11:17:49  - Before files
2022-03-17 11:17:49  - Before WEB
2022-03-17 11:17:49  - Before future
2022-03-17 11:21:10  - Before files
2022-03-17 11:21:10  - Before WEB
2022-03-17 11:21:10  - Before future
2022-03-17 11:30:02  - Before files
2022-03-17 11:30:02  - Before WEB
2022-03-17 11:30:02  - Before future
2022-03-17 11:36:31  - Before files
2022-03-17 11:36:31  - Before WEB
2022-03-17 11:36:31  - Before future
2022-03-17 11:40:43  - Before files
2022-03-17 11:40:43  - Before WEB
2022-03-17 11:40:44  - Before future
2022-03-17 11:44:13  - Before files
2022-03-17 11:44:13  - Before WEB
2022-03-17 11:44:13  - Before future
2022-03-17 11:46:49  - Before files
2022-03-17 11:46:49  - Before WEB
2022-03-17 11:46:50  - Before future
2022-03-17 11:47:58  - Before files
2022-03-17 11:47:58  - Before WEB
2022-03-17 11:47:58  - Before future
2022-03-17 11:50:47  - Before files
2022-03-17 11:50:47  - Before WEB
2022-03-17 11:50:47  - Before future
2022-03-17 11:53:42  - Before files
2022-03-17 11:53:42  - Before WEB
2022-03-17 11:53:42  - Before future
2022-03-17 12:04:37  - Before files
2022-03-17 12:04:37  - Before WEB
2022-03-17 12:04:37  - Before future
2022-03-17 12:05:19  - Before files
2022-03-17 12:05:19  - Before WEB
2022-03-17 12:05:19  - Before future
2022-03-17 12:26:45  - Before files
2022-03-17 12:26:45  - Before WEB
2022-03-17 12:26:45  - Before future
2022-03-17 12:28:28  - Before files
2022-03-17 12:28:28  - Before WEB
2022-03-17 12:28:29  - Before future
2022-03-17 12:30:16  - Before files
2022-03-17 12:30:16  - Before WEB
2022-03-17 12:30:16  - Before future
2022-03-17 12:40:29  - Before files
2022-03-17 12:40:29  - Before WEB
2022-03-17 12:40:29  - Before future
2022-03-17 12:41:56  - Before files
2022-03-17 12:41:56  - Before WEB
2022-03-17 12:41:56  - Before future
2022-03-17 12:50:11  - Before files
2022-03-17 12:50:12  - Before WEB
2022-03-17 12:50:12  - Before future
2022-03-17 12:52:11  - Before files
2022-03-17 12:52:11  - Before WEB
2022-03-17 12:52:11  - Before future
2022-03-17 12:55:39  - Before files
2022-03-17 12:55:39  - Before WEB
2022-03-17 12:55:39  - Before future
2022-03-17 12:58:53  - Before files
2022-03-17 12:58:53  - Before WEB
2022-03-17 12:58:54  - Before future
2022-03-17 13:03:04  - Before files
2022-03-17 13:03:04  - Before WEB
2022-03-17 13:03:04  - Before future
2022-03-17 13:16:39  - Before files
2022-03-17 13:16:39  - Before WEB
2022-03-17 13:16:40  - Before future
2022-03-17 13:22:24  - Before files
2022-03-17 13:22:24  - Before WEB
2022-03-17 13:22:25  - Before future
2022-03-17 13:26:37  - Before files
2022-03-17 13:26:37  - Before WEB
2022-03-17 13:26:37  - Before future
2022-03-17 13:30:42  - Before files
2022-03-17 13:30:42  - Before WEB
2022-03-17 13:30:43  - Before future
2022-03-17 13:35:03  - Before files
2022-03-17 13:35:03  - Before WEB
2022-03-17 13:35:03  - Before future
2022-03-17 13:38:31  - Before files
2022-03-17 13:38:31  - Before WEB
2022-03-17 13:38:31  - Before future
2022-03-17 13:41:49  - Before files
2022-03-17 13:41:49  - Before WEB
2022-03-17 13:41:49  - Before future
2022-03-17 13:46:01  - Before files
2022-03-17 13:46:01  - Before WEB
2022-03-17 13:46:01  - Before future
2022-03-17 14:08:08  - Before files
2022-03-17 14:08:08  - Before WEB
2022-03-17 14:08:08  - Before future
2022-03-17 14:18:16  - Before files
2022-03-17 14:18:16  - Before WEB
2022-03-17 14:18:17  - Before future
2022-03-17 14:22:25  - Before files
2022-03-17 14:22:25  - Before WEB
2022-03-17 14:22:25  - Before future
2022-03-17 14:26:51  - Before files
2022-03-17 14:26:51  - Before WEB
2022-03-17 14:26:51  - Before future
2022-03-17 14:33:45  - Before files
2022-03-17 14:33:45  - Before WEB
2022-03-17 14:33:45  - Before future
2022-03-17 14:36:01  - Before files
2022-03-17 14:36:01  - Before WEB
2022-03-17 14:36:01  - Before future
2022-03-17 14:39:02  - Before files
2022-03-17 14:39:02  - Before WEB
2022-03-17 14:39:02  - Before future
2022-03-17 14:44:56  - Before files
2022-03-17 14:44:56  - Before WEB
2022-03-17 14:44:57  - Before future
2022-03-17 14:49:59  - Before files
2022-03-17 14:49:59  - Before WEB
2022-03-17 14:49:59  - Before future
2022-03-17 14:54:17  - Before files
2022-03-17 14:54:17  - Before WEB
2022-03-17 14:54:17  - Before future
2022-03-17 15:00:54  - Before files
2022-03-17 15:00:54  - Before WEB
2022-03-17 15:00:55  - Before future
2022-03-17 15:02:11  - Before files
2022-03-17 15:02:11  - Before WEB
2022-03-17 15:02:11  - Before future
2022-03-17 15:05:58  - Before files
2022-03-17 15:05:58  - Before WEB
2022-03-17 15:05:58  - Before future
2022-03-17 15:12:53  - Before files
2022-03-17 15:12:53  - Before WEB
2022-03-17 15:12:54  - Before future
2022-03-17 15:14:32  - Before files
2022-03-17 15:14:32  - Before WEB
2022-03-17 15:14:32  - Before future
2022-03-17 15:19:36  - Before files
2022-03-17 15:19:36  - Before WEB
2022-03-17 15:19:36  - Before future
2022-03-17 17:10:00  - Before files
2022-03-17 17:10:00  - Before WEB
2022-03-17 17:10:00  - Before future
2022-03-17 17:12:15  - Before files
2022-03-17 17:12:15  - Before WEB
2022-03-17 17:12:15  - Before future
2022-03-17 17:14:35  - Before files
2022-03-17 17:14:35  - Before WEB
2022-03-17 17:14:35  - Before future
2022-03-17 17:16:17  - Before files
2022-03-17 17:16:17  - Before WEB
2022-03-17 17:16:18  - Before future
2022-03-17 17:24:03  - Before files
2022-03-17 17:24:03  - Before WEB
2022-03-17 17:24:03  - Before future
2022-03-17 17:29:47  - Before files
2022-03-17 17:29:47  - Before WEB
2022-03-17 17:29:47  - Before future
2022-03-17 17:31:09  - Before files
2022-03-17 17:31:09  - Before WEB
2022-03-17 17:31:09  - Before future
2022-03-17 17:33:36  - Before files
2022-03-17 17:33:36  - Before WEB
2022-03-17 17:33:36  - Before future
2022-03-17 17:35:40  - Before files
2022-03-17 17:35:40  - Before WEB
2022-03-17 17:35:41  - Before future
2022-03-17 17:36:56  - Before files
2022-03-17 17:36:56  - Before WEB
2022-03-17 17:36:56  - Before future
2022-03-17 17:43:25  - Before files
2022-03-17 17:43:25  - Before WEB
2022-03-17 17:43:25  - Before future
2022-03-17 17:49:27  - Before files
2022-03-17 17:49:27  - Before WEB
2022-03-17 17:49:27  - Before future
2022-03-17 17:51:46  - Before files
2022-03-17 17:51:46  - Before WEB
2022-03-17 17:51:46  - Before future
2022-03-17 21:02:17  - Before files
2022-03-17 21:02:17  - Before WEB
2022-03-17 21:02:17  - Before future
2022-03-17 21:10:33  - Before files
2022-03-17 21:10:34  - Before WEB
2022-03-17 21:10:34  - Before future
2022-03-17 21:47:17  - Before files
2022-03-17 21:47:17  - Before WEB
2022-03-17 21:47:17  - Before future
2022-03-17 21:49:07  - Before files
2022-03-17 21:49:07  - Before WEB
2022-03-17 21:49:07  - Before future
2022-03-17 21:56:51  - Before files
2022-03-17 21:56:51  - Before WEB
2022-03-17 21:56:51  - Before future
2022-03-17 21:58:19  - Before files
2022-03-17 21:58:19  - Before WEB
2022-03-17 21:58:19  - Before future
2022-03-17 21:59:27  - Before files
2022-03-17 21:59:27  - Before WEB
2022-03-17 21:59:27  - Before future
2022-03-17 22:00:50  - Before files
2022-03-17 22:00:50  - Before WEB
2022-03-17 22:00:50  - Before future
2022-03-17 22:05:05  - Before files
2022-03-17 22:05:05  - Before WEB
2022-03-17 22:05:06  - Before future
2022-03-17 22:06:33  - Before files
2022-03-17 22:06:33  - Before WEB
2022-03-17 22:06:34  - Before future
2022-03-17 22:09:44  - Before files
2022-03-17 22:09:44  - Before WEB
2022-03-17 22:09:44  - Before future
2022-03-17 22:10:38  - Before files
2022-03-17 22:10:38  - Before WEB
2022-03-17 22:10:38  - Before future
2022-03-17 22:13:15  - Before files
2022-03-17 22:13:15  - Before WEB
2022-03-17 22:13:15  - Before future
2022-03-17 22:19:52  - Before files
2022-03-17 22:19:52  - Before WEB
2022-03-17 22:19:52  - Before future
2022-03-17 22:26:45  - Before files
2022-03-17 22:26:45  - Before WEB
2022-03-17 22:26:45  - Before future
2022-03-17 22:27:52  - Before files
2022-03-17 22:27:52  - Before WEB
2022-03-17 22:27:52  - Before future
2022-03-17 22:30:30  - Before files
2022-03-17 22:30:30  - Before WEB
2022-03-17 22:30:31  - Before future
2022-03-17 22:32:06  - Before files
2022-03-17 22:32:06  - Before WEB
2022-03-17 22:32:06  - Before future
2022-03-17 22:36:07  - Before files
2022-03-17 22:36:07  - Before WEB
2022-03-17 22:36:07  - Before future
2022-03-17 22:52:47  - Before files
2022-03-17 22:52:47  - Before WEB
2022-03-17 22:52:47  - Before future
2022-03-17 23:06:16  - Before files
2022-03-17 23:06:16  - Before WEB
2022-03-17 23:06:17  - Before future
2022-03-17 23:43:34  - Before files
2022-03-17 23:43:34  - Before WEB
2022-03-17 23:43:35  - Before future
2022-03-17 23:45:01  - Before files
2022-03-17 23:45:01  - Before WEB
2022-03-17 23:45:02  - Before future
2022-03-17 23:51:27  - Before files
2022-03-17 23:51:27  - Before WEB
2022-03-17 23:51:27  - Before future
2022-03-18 10:33:54  - Before files
2022-03-18 10:33:54  - Before WEB
2022-03-18 10:33:54  - Before future
2022-03-18 10:40:14  - Before files
2022-03-18 10:40:14  - Before WEB
2022-03-18 10:40:14  - Before future
2022-03-18 11:27:34  - Before files
2022-03-18 11:27:34  - Before WEB
2022-03-18 11:27:34  - Before future
2022-03-18 11:28:38  - Before files
2022-03-18 11:28:38  - Before WEB
2022-03-18 11:28:39  - Before future
2022-03-18 11:31:01  - Before files
2022-03-18 11:31:01  - Before WEB
2022-03-18 11:31:01  - Before future
2022-03-18 11:32:11  - Before files
2022-03-18 11:32:11  - Before WEB
2022-03-18 11:32:11  - Before future
2022-03-18 12:33:03  - Before files
2022-03-18 12:33:03  - Before WEB
2022-03-18 12:33:03  - Before future
2022-03-18 12:36:46  - Before files
2022-03-18 12:36:46  - Before WEB
2022-03-18 12:36:47  - Before future
2022-03-18 12:43:31  - Before files
2022-03-18 12:43:31  - Before WEB
2022-03-18 12:43:31  - Before future
2022-03-18 12:45:07  - Before files
2022-03-18 12:45:07  - Before WEB
2022-03-18 12:45:07  - Before future
2022-03-18 12:46:44  - Before files
2022-03-18 12:46:44  - Before WEB
2022-03-18 12:46:44  - Before future
2022-03-18 13:08:46  - Before files
2022-03-18 13:08:46  - Before WEB
2022-03-18 13:08:46  - Before future
2022-03-18 13:10:28  - Before files
2022-03-18 13:10:28  - Before WEB
2022-03-18 13:10:28  - Before future
2022-03-18 13:13:07  - Before files
2022-03-18 13:13:07  - Before WEB
2022-03-18 13:13:07  - Before future
2022-03-18 16:57:36  - Before files
2022-03-18 16:57:36  - Before WEB
2022-03-18 16:57:59  - Before future
2022-03-18 17:01:37  - Before files
2022-03-18 17:01:37  - Before WEB
2022-03-18 17:01:58  - Before future
2022-03-18 17:03:29  - Before files
2022-03-18 17:03:29  - Before WEB
2022-03-18 17:04:28  - Before future
2022-03-18 17:06:28  - Before files
2022-03-18 17:06:28  - Before WEB
2022-03-18 17:07:09  - Before future
2022-03-18 17:09:42  - Before files
2022-03-18 17:09:42  - Before WEB
2022-03-18 17:16:19  - Before files
2022-03-18 17:16:19  - Before WEB
2022-03-18 17:16:43  - Before future
2022-03-18 17:18:47  - Before files
2022-03-18 17:18:47  - Before WEB
2022-03-18 17:18:51  - Before future
2022-03-18 17:21:29  - Before files
2022-03-18 17:21:29  - Before WEB
2022-03-18 17:21:31  - Before future
2022-03-18 17:36:27  - Before files
2022-03-18 17:36:27  - Before WEB
2022-03-18 17:36:32  - Before future
2022-03-18 17:46:43  - Before files
2022-03-18 17:46:43  - Before WEB
2022-03-18 17:46:45  - Before future
2022-03-18 22:26:59  - Before files
2022-03-18 22:26:59  - Before WEB
2022-03-18 22:27:10  - Before future
2022-03-18 22:32:53  - Before files
2022-03-18 22:32:53  - Before WEB
2022-03-18 22:32:55  - Before future
2022-03-18 22:48:10  - Before files
2022-03-18 22:48:10  - Before WEB
2022-03-18 22:48:13  - Before future
2022-03-18 22:50:22  - Before files
2022-03-18 22:50:22  - Before WEB
2022-03-18 22:50:23  - Before future
2022-03-18 22:55:40  - Before files
2022-03-18 22:55:40  - Before WEB
2022-03-18 22:55:40  - Before future
2022-03-18 23:08:30  - Before files
2022-03-18 23:08:30  - Before WEB
2022-03-18 23:08:30  - Before future
2022-03-18 23:08:57  - Before files
2022-03-18 23:08:57  - Before WEB
2022-03-18 23:08:58  - Before future
2022-03-18 23:36:45  - Before files
2022-03-18 23:36:45  - Before WEB
2022-03-18 23:36:45  - Before future
2022-03-18 23:37:46  - Before files
2022-03-18 23:37:46  - Before WEB
2022-03-18 23:37:47  - Before future
2022-03-18 23:46:27  - Before files
2022-03-18 23:46:27  - Before WEB
2022-03-18 23:46:27  - Before future
2022-03-19 01:30:42  - Before files
2022-03-19 01:30:42  - Before WEB
2022-03-19 01:30:43  - Before future
2022-03-19 01:33:50  - Before files
2022-03-19 01:33:50  - Before WEB
2022-03-19 01:33:50  - Before future
2022-03-19 01:35:16  - Before files
2022-03-19 01:35:16  - Before WEB
2022-03-19 01:35:16  - Before future
2022-03-19 01:41:40  - Before files
2022-03-19 01:41:40  - Before WEB
2022-03-19 01:41:40  - Before future
2022-03-19 01:45:08  - Before files
2022-03-19 01:45:08  - Before WEB
2022-03-19 01:45:08  - Before future
2022-03-19 01:48:16  - Before files
2022-03-19 01:48:16  - Before WEB
2022-03-19 01:48:16  - Before future
2022-03-19 01:50:19  - Before files
2022-03-19 01:50:19  - Before WEB
2022-03-19 01:50:19  - Before future
2022-03-19 01:52:12  - Before files
2022-03-19 01:52:12  - Before WEB
2022-03-19 01:52:12  - Before future
2022-03-19 01:58:26  - Before files
2022-03-19 01:58:26  - Before WEB
2022-03-19 01:58:26  - Before future
2022-03-19 02:02:16  - Before files
2022-03-19 02:02:16  - Before WEB
2022-03-19 02:02:16  - Before future
2022-03-19 02:25:27  - Before files
2022-03-19 02:25:27  - Before WEB
2022-03-19 02:25:27  - Before future
2022-03-19 13:08:53  - Before files
2022-03-19 13:08:53  - Before WEB
2022-03-19 13:08:53  - Before future
2022-03-19 13:11:15  - Before files
2022-03-19 13:11:15  - Before WEB
2022-03-19 13:11:15  - Before future
2022-03-19 13:12:31  - Before files
2022-03-19 13:12:31  - Before WEB
2022-03-19 13:12:31  - Before future
2022-03-19 13:13:17  - Before files
2022-03-19 13:13:17  - Before WEB
2022-03-19 13:13:17  - Before future
2022-03-19 13:14:38  - Before files
2022-03-19 13:14:38  - Before WEB
2022-03-19 13:14:39  - Before future
2022-03-19 13:17:59  - Before files
2022-03-19 13:17:59  - Before WEB
2022-03-19 13:18:00  - Before future
2022-03-19 13:21:12  - Before files
2022-03-19 13:21:12  - Before WEB
2022-03-19 13:21:12  - Before future
2022-03-19 13:29:03  - Before files
2022-03-19 13:29:03  - Before WEB
2022-03-19 13:29:03  - Before future
2022-03-19 13:49:11  - Before files
2022-03-19 13:49:11  - Before WEB
2022-03-19 13:49:11  - Before future
2022-03-19 13:50:41  - Before files
2022-03-19 13:50:41  - Before WEB
2022-03-19 13:50:41  - Before future
2022-03-19 13:53:17  - Before files
2022-03-19 13:53:17  - Before WEB
2022-03-19 13:53:17  - Before future
2022-03-19 14:24:55  - Before files
2022-03-19 14:24:55  - Before WEB
2022-03-19 14:24:55  - Before future
2022-03-19 14:27:47  - Before files
2022-03-19 14:27:47  - Before WEB
2022-03-19 14:27:47  - Before future
2022-03-19 14:32:05  - Before files
2022-03-19 14:32:05  - Before WEB
2022-03-19 14:32:05  - Before future
2022-03-19 14:47:14  - Before files
2022-03-19 14:47:14  - Before WEB
2022-03-19 14:47:14  - Before future
2022-03-19 14:48:34  - Before files
2022-03-19 14:48:34  - Before WEB
2022-03-19 14:48:34  - Before future
2022-03-19 14:59:20  - Before files
2022-03-19 14:59:20  - Before WEB
2022-03-19 14:59:21  - Before future
2022-03-19 15:03:31  - Before files
2022-03-19 15:03:32  - Before WEB
2022-03-19 15:03:32  - Before future
2022-03-19 15:05:08  - Before files
2022-03-19 15:05:09  - Before WEB
2022-03-19 15:05:09  - Before future
2022-03-19 15:29:17  - Before files
2022-03-19 15:29:17  - Before WEB
2022-03-19 15:29:18  - Before future
2022-03-19 15:33:06  - Before files
2022-03-19 15:33:06  - Before WEB
2022-03-19 15:33:07  - Before future
2022-03-19 15:40:51  - Before files
2022-03-19 15:40:51  - Before WEB
2022-03-19 15:40:51  - Before future
2022-03-19 15:44:19  - Before files
2022-03-19 15:44:19  - Before WEB
2022-03-19 15:44:19  - Before future
2022-03-19 15:48:41  - Before files
2022-03-19 15:48:41  - Before WEB
2022-03-19 15:48:41  - Before future
2022-03-19 15:51:59  - Before files
2022-03-19 15:51:59  - Before WEB
2022-03-19 15:51:59  - Before future
2022-03-19 15:55:40  - Before files
2022-03-19 15:55:40  - Before WEB
2022-03-19 15:55:41  - Before future
2022-03-19 16:00:39  - Before files
2022-03-19 16:00:39  - Before WEB
2022-03-19 16:00:39  - Before future
2022-03-19 16:19:55  - Before files
2022-03-19 16:19:55  - Before WEB
2022-03-19 16:19:55  - Before future
2022-03-19 16:23:22  - Before files
2022-03-19 16:23:22  - Before WEB
2022-03-19 16:23:22  - Before future
2022-03-19 16:31:38  - Before files
2022-03-19 16:31:38  - Before WEB
2022-03-19 16:31:38  - Before future
2022-03-19 16:35:46  - Before files
2022-03-19 16:35:46  - Before WEB
2022-03-19 16:35:46  - Before future
2022-03-19 16:39:32  - Before files
2022-03-19 16:39:32  - Before WEB
2022-03-19 16:39:32  - Before future
2022-03-19 16:42:08  - Before files
2022-03-19 16:42:08  - Before WEB
2022-03-19 16:42:09  - Before future
2022-03-19 16:46:29  - Before files
2022-03-19 16:46:29  - Before WEB
2022-03-19 16:46:29  - Before future
2022-03-19 16:49:33  - Before files
2022-03-19 16:49:33  - Before WEB
2022-03-19 16:49:33  - Before future
2022-03-19 16:56:30  - Before files
2022-03-19 16:56:30  - Before WEB
2022-03-19 16:56:30  - Before future
2022-03-19 16:58:12  - Before files
2022-03-19 16:58:12  - Before WEB
2022-03-19 16:58:12  - Before future
2022-03-19 17:24:35  - Before files
2022-03-19 17:24:35  - Before WEB
2022-03-19 17:24:35  - Before future
2022-03-19 17:27:28  - Before files
2022-03-19 17:27:28  - Before WEB
2022-03-19 17:27:28  - Before future
2022-03-19 17:27:48  - Before files
2022-03-19 17:27:48  - Before WEB
2022-03-19 17:27:48  - Before future
2022-03-19 17:30:49  - Before files
2022-03-19 17:30:49  - Before WEB
2022-03-19 17:30:49  - Before future
2022-03-19 17:32:52  - Before files
2022-03-19 17:32:52  - Before WEB
2022-03-19 17:32:53  - Before future
2022-03-19 17:41:51  - Before files
2022-03-19 17:41:51  - Before WEB
2022-03-19 17:41:51  - Before future
2022-03-19 17:47:07  - Before files
2022-03-19 17:47:07  - Before WEB
2022-03-19 17:47:07  - Before future
2022-03-19 17:52:17  - Before files
2022-03-19 17:52:17  - Before WEB
2022-03-19 17:52:17  - Before future
2022-03-19 17:57:17  - Before files
2022-03-19 17:57:17  - Before WEB
2022-03-19 17:57:18  - Before future
2022-03-19 17:59:21  - Before files
2022-03-19 17:59:21  - Before WEB
2022-03-19 17:59:22  - Before future
2022-03-19 18:07:20  - Before files
2022-03-19 18:07:20  - Before WEB
2022-03-19 18:07:20  - Before future
2022-03-19 18:10:44  - Before files
2022-03-19 18:10:44  - Before WEB
2022-03-19 18:10:44  - Before future
2022-03-19 19:29:36  - Before files
2022-03-19 19:29:36  - Before WEB
2022-03-19 19:29:36  - Before future
2022-03-19 19:35:09  - Before files
2022-03-19 19:35:09  - Before WEB
2022-03-19 19:35:09  - Before future
2022-03-19 19:38:08  - Before files
2022-03-19 19:38:09  - Before WEB
2022-03-19 19:38:09  - Before future
2022-03-19 19:41:27  - Before files
2022-03-19 19:41:27  - Before WEB
2022-03-19 19:41:27  - Before future
2022-03-19 19:42:46  - Before files
2022-03-19 19:42:46  - Before WEB
2022-03-19 19:42:46  - Before future
2022-03-19 19:44:39  - Before files
2022-03-19 19:44:39  - Before WEB
2022-03-19 19:44:39  - Before future
2022-03-19 19:46:43  - Before files
2022-03-19 19:46:43  - Before WEB
2022-03-19 19:46:43  - Before future
2022-03-19 19:51:31  - Before files
2022-03-19 19:51:32  - Before WEB
2022-03-19 19:51:32  - Before future
2022-03-19 19:53:21  - Before files
2022-03-19 19:53:21  - Before WEB
2022-03-19 19:53:21  - Before future
2022-03-19 19:55:58  - Before files
2022-03-19 19:55:58  - Before WEB
2022-03-19 19:55:58  - Before future
2022-03-19 19:59:57  - Before files
2022-03-19 19:59:57  - Before WEB
2022-03-19 19:59:57  - Before future
2022-03-19 20:06:13  - Before files
2022-03-19 20:06:13  - Before WEB
2022-03-19 20:06:13  - Before future
2022-03-19 20:09:56  - Before files
2022-03-19 20:09:56  - Before WEB
2022-03-19 20:09:56  - Before future
2022-03-19 20:17:11  - Before files
2022-03-19 20:17:12  - Before WEB
2022-03-19 20:17:12  - Before future
2022-03-19 20:21:08  - Before files
2022-03-19 20:21:08  - Before WEB
2022-03-19 20:21:08  - Before future
2022-03-19 20:27:03  - Before files
2022-03-19 20:27:03  - Before WEB
2022-03-19 20:27:03  - Before future
2022-03-19 20:28:01  - Before files
2022-03-19 20:28:01  - Before WEB
2022-03-19 20:28:02  - Before future
2022-03-19 20:28:59  - Before files
2022-03-19 20:28:59  - Before WEB
2022-03-19 20:28:59  - Before future
2022-03-19 20:31:11  - Before files
2022-03-19 20:31:11  - Before WEB
2022-03-19 20:31:11  - Before future
2022-03-19 20:32:02  - Before files
2022-03-19 20:32:02  - Before WEB
2022-03-19 20:32:02  - Before future
2022-03-19 20:33:39  - Before files
2022-03-19 20:33:39  - Before WEB
2022-03-19 20:33:39  - Before future
2022-03-19 20:35:41  - Before files
2022-03-19 20:35:41  - Before WEB
2022-03-19 20:35:42  - Before future
2022-03-19 20:36:02  - Before files
2022-03-19 20:36:02  - Before WEB
2022-03-19 20:36:02  - Before future
2022-03-19 20:36:28  - Before files
2022-03-19 20:36:28  - Before WEB
2022-03-19 20:36:28  - Before future
2022-03-19 20:39:06  - Before files
2022-03-19 20:39:06  - Before WEB
2022-03-19 20:39:06  - Before future
2022-03-19 20:40:02  - Before files
2022-03-19 20:40:02  - Before WEB
2022-03-19 20:40:02  - Before future
2022-03-19 20:41:07  - Before files
2022-03-19 20:41:07  - Before WEB
2022-03-19 20:41:07  - Before future
2022-03-19 20:45:38  - Before files
2022-03-19 20:45:38  - Before WEB
2022-03-19 20:45:38  - Before future
2022-03-19 20:48:10  - Before files
2022-03-19 20:48:10  - Before WEB
2022-03-19 20:48:10  - Before future
